<?xml version="1.0" encoding="UTF-8"?>
<!-- Generated by org.testng.reporters.JUnitReportReporter -->
<testsuite hostname="ADMINIB-IAR7TT0" failures="0" tests="1" name="com.training.sanity.tests.eLearningSignUp" time="20.195" errors="0" timestamp="2019-12-08T23:04:53 EST" skipped="0">
  <testcase classname="com.training.sanity.tests.eLearningSignUp" name="eLearningSignup" time="20.195"/>
</testsuite> <!-- com.training.sanity.tests.eLearningSignUp -->
