<?xml version="1.0" encoding="UTF-8"?>
<!-- Generated by org.testng.reporters.JUnitReportReporter -->
<testsuite hostname="ADMINIB-IAR7TT0" failures="0" tests="1" name="com.training.sanity.tests.ForgotPassword" time="124.182" errors="0" timestamp="2019-11-25T22:56:08 EST" skipped="0">
  <testcase classname="com.training.sanity.tests.ForgotPassword" name="VerifyForgotPassword" time="124.182"/>
</testsuite> <!-- com.training.sanity.tests.ForgotPassword -->
