<?xml version="1.0" encoding="UTF-8"?>
<!-- Generated by org.testng.reporters.JUnitReportReporter -->
<testsuite hostname="ADMINIB-IAR7TT0" failures="0" tests="1" name="com.training.sanity.tests.ValidLogin" time="62.292" errors="0" timestamp="2019-11-25T20:55:58 EST" skipped="0">
  <testcase classname="com.training.sanity.tests.ValidLogin" name="validLogin" time="62.292"/>
</testsuite> <!-- com.training.sanity.tests.ValidLogin -->
