<?xml version="1.0" encoding="UTF-8"?>
<!-- Generated by org.testng.reporters.JUnitReportReporter -->
<testsuite hostname="ADMINIB-IAR7TT0" failures="0" tests="1" name="com.training.sanity.tests.eLearningUserDetails_TC085" time="20.728" errors="0" timestamp="2019-12-09T21:33:31 EST" skipped="0">
  <testcase classname="com.training.sanity.tests.eLearningUserDetails_TC085" name="AddNewUser" time="20.728"/>
</testsuite> <!-- com.training.sanity.tests.eLearningUserDetails_TC085 -->
