<?xml version="1.0" encoding="UTF-8"?>
<!-- Generated by org.testng.reporters.JUnitReportReporter -->
<testsuite hostname="ADMINIB-IAR7TT0" failures="0" tests="1" name="com.training.sanity.tests.LoginTests" time="100.786" errors="0" timestamp="2019-11-25T20:36:02 EST" skipped="0">
  <testcase classname="com.training.sanity.tests.LoginTests" name="validLoginTest" time="100.786"/>
</testsuite> <!-- com.training.sanity.tests.LoginTests -->
