<?xml version="1.0" encoding="UTF-8"?>
<!-- Generated by org.testng.reporters.JUnitReportReporter -->
<testsuite hostname="ADMINIB-IAR7TT0" failures="0" tests="1" name="com.training.sanity.tests.eLearningInvalidRegistration_TC88" time="24.200" errors="0" timestamp="2019-12-10T19:56:25 EST" skipped="0">
  <testcase classname="com.training.sanity.tests.eLearningInvalidRegistration_TC88" name="eLearningInvalidRegistration" time="24.200"/>
</testsuite> <!-- com.training.sanity.tests.eLearningInvalidRegistration_TC88 -->
